<?xml version="1.0" encoding="UTF-8"?>
<testsuite xmlns:xsi="http://www.w3.org/2001/XMLSchema-instance" xsi:noNamespaceSchemaLocation="https://maven.apache.org/surefire/maven-surefire-plugin/xsd/surefire-test-report-3.0.xsd" version="3.0" name="bookshop.BookTest" time="0.033" tests="1" errors="1" skipped="0" failures="0">
  <properties>
[...]
</properties>
  <testcase name="testBookAddToStock" classname="bookshop.BookTest" time="0.021">
    <error message="Barcode already exists: JAV001" type="java.lang.IllegalArgumentException"><![CDATA[java.lang.IllegalArgumentException: Barcode already exists: JAV001
	at bookshop.service.InventoryService.addBook(InventoryService.java:72)
	at bookshop.BookTest.testBookAddToStock(BookTest.java:19)
	at java.base/java.lang.reflect.Method.invoke(Method.java:569)
	at java.base/java.util.ArrayList.forEach(ArrayList.java:1511)
	at java.base/java.util.ArrayList.forEach(ArrayList.java:1511)
]]></error>
  </testcase>
</testsuite>